mode: set
D:\Development\GoSrc\GoStudy\array\main.go:17.37,20.2 1 0
D:\Development\GoSrc\GoStudy\array\main.go:23.60,29.2 1 0
D:\Development\GoSrc\GoStudy\array\main.go:32.37,34.2 1 0
D:\Development\GoSrc\GoStudy\array\main.go:37.49,39.2 1 0
D:\Development\GoSrc\GoStudy\array\main.go:42.42,46.15 4 0
D:\Development\GoSrc\GoStudy\array\main.go:54.2,54.8 1 0
D:\Development\GoSrc\GoStudy\array\main.go:46.15,47.17 1 0
D:\Development\GoSrc\GoStudy\array\main.go:47.17,50.4 2 0
D:\Development\GoSrc\GoStudy\array\main.go:50.9,52.4 1 0
D:\Development\GoSrc\GoStudy\array\main.go:58.34,60.19 1 0
D:\Development\GoSrc\GoStudy\array\main.go:63.2,63.22 1 0
D:\Development\GoSrc\GoStudy\array\main.go:67.2,68.13 2 0
D:\Development\GoSrc\GoStudy\array\main.go:60.19,60.35 1 0
D:\Development\GoSrc\GoStudy\array\main.go:61.19,61.35 1 0
D:\Development\GoSrc\GoStudy\array\main.go:63.22,66.3 2 0
D:\Development\GoSrc\GoStudy\array\main.go:72.26,73.12 1 0
D:\Development\GoSrc\GoStudy\array\main.go:76.2,76.12 1 0
D:\Development\GoSrc\GoStudy\array\main.go:79.2,79.38 1 0
D:\Development\GoSrc\GoStudy\array\main.go:73.12,75.3 1 0
D:\Development\GoSrc\GoStudy\array\main.go:76.12,78.3 1 0
D:\Development\GoSrc\GoStudy\array\main.go:82.14,143.2 0 0
D:\Development\GoSrc\GoStudy\array\main.go:146.14,152.2 4 0
D:\Development\GoSrc\GoStudy\array\main.go:155.20,173.26 16 0
D:\Development\GoSrc\GoStudy\array\main.go:176.2,177.31 2 0
D:\Development\GoSrc\GoStudy\array\main.go:180.2,180.13 1 0
D:\Development\GoSrc\GoStudy\array\main.go:173.26,175.3 1 0
D:\Development\GoSrc\GoStudy\array\main.go:177.31,179.3 1 0
